<?xml version="1.0" encoding="UTF-8"?>
<testng-results ignored="0" total="1" passed="1" failed="0" skipped="0">
  <reporter-output>
  </reporter-output>
  <suite started-at="2023-04-21T11:02:34 PDT" name="Surefire suite" finished-at="2023-04-21T11:02:47 PDT" duration-ms="12346">
    <groups>
    </groups>
    <test started-at="2023-04-21T11:02:34 PDT" name="Surefire test" finished-at="2023-04-21T11:02:47 PDT" duration-ms="12346">
      <class name="co.edureka.TestClass">
        <test-method signature="testing()[pri:0, instance:co.edureka.TestClass@6ce139a4]" started-at="2023-04-21T11:02:34 PDT" name="testing" finished-at="2023-04-21T11:02:47 PDT" duration-ms="12318" status="PASS">
          <reporter-output>
          </reporter-output>
        </test-method> <!-- testing -->
      </class> <!-- co.edureka.TestClass -->
    </test> <!-- Surefire test -->
  </suite> <!-- Surefire suite -->
</testng-results>
